<?xml version="1.0" encoding="UTF-8" standalone="no"?><testsuite errors="0" failures="0" name="as a user I want to sign up with my basic information to access the services available based on my profile" skipped="0" tests="5" time="8.87" timestamp="2026-06-07 10:43:20"><testcase name="successful customer registration"/><testcase name="successful provider registration"/><testcase name="registration with fields empty - exception"/><testcase name="registration with a password that does not meet the password policy - exception"/><testcase name="registration with an invalid email - exception"/></testsuite>