<?xml version="1.0" encoding="UTF-8" standalone="no"?><testsuite errors="1" failures="0" name="as a user, I want to register a service with its basic information so I can offer it" skipped="0" tests="4" time="7.29" timestamp="2026-06-07 03:48:53"><testcase name="service registration successful"/><testcase name="service registration with description empty - exception"/><testcase name="service registration and availability creation"><error message="no such element: Unable to locate element: {&quot;method&quot;:&quot;xpath&quot;,&quot;selector&quot;:&quot;(//div[contains(@class,'card-panel')])[2]//input[@type='time'][2]&quot;}&#10;  (Session info: chrome=148.0.7778.178)&#10;For documentation on this error, please visit: https://www.selenium.dev/documentation/webdriver/troubleshooting/errors#no-such-element-exception&#10;Build info: version: '4.16.1', revision: '9b4c83354e'&#10;System info: os.name: 'Linux', os.arch: 'amd64', os.version: '6.17.0-29-generic', java.version: '17.0.19'&#10;Driver info: org.openqa.selenium.chrome.ChromeDriver&#10;Command: [012b9917ba6b39dc30c93ddfabf1b189, findElement {using=xpath, value=(//div[contains(@class,'card-panel')])[2]//input[@type='time'][2]}]&#10;Capabilities {acceptInsecureCerts: true, browserName: chrome, browserVersion: 148.0.7778.178, chrome: {chromedriverVersion: 148.0.7778.178 (d096af1c9e9..., userDataDir: /tmp/org.chromium.Chromium....}, fedcm:accounts: true, goog:chromeOptions: {debuggerAddress: localhost:40327}, goog:processID: 651966, networkConnectionEnabled: false, pageLoadStrategy: normal, platformName: linux, proxy: Proxy(), se:cdp: ws://localhost:40327/devtoo..., se:cdpVersion: 148.0.7778.178, setWindowRect: true, strictFileInteractability: false, timeouts: {implicit: 0, pageLoad: 300000, script: 30000}, unhandledPromptBehavior: dismiss and notify, webauthn:extension:credBlob: true, webauthn:extension:largeBlob: true, webauthn:extension:minPinLength: true, webauthn:extension:prf: true, webauthn:virtualAuthenticators: true}&#10;Session ID: 012b9917ba6b39dc30c93ddfabf1b189" type="org.openqa.selenium.NoSuchElementException">no such element: Unable to locate element: {"method":"xpath","selector":"(//div[contains(@class,'card-panel')])[2]//input[@type='time'][2]"}
  (Session info: chrome=148.0.7778.178)
For documentation on this error, please visit: https://www.selenium.dev/documentation/webdriver/troubleshooting/errors#no-such-element-exception
Build info: version: '4.16.1', revision: '9b4c83354e'
System info: os.name: 'Linux', os.arch: 'amd64', os.version: '6.17.0-29-generic', java.version: '17.0.19'
Driver info: org.openqa.selenium.chrome.ChromeDriver
Command: [012b9917ba6b39dc30c93ddfabf1b189, findElement {using=xpath, value=(//div[contains(@class,'card-panel')])[2]//input[@type='time'][2]}]
Capabilities {acceptInsecureCerts: true, browserName: chrome, browserVersion: 148.0.7778.178, chrome: {chromedriverVersion: 148.0.7778.178 (d096af1c9e9..., userDataDir: /tmp/org.chromium.Chromium....}, fedcm:accounts: true, goog:chromeOptions: {debuggerAddress: localhost:40327}, goog:processID: 651966, networkConnectionEnabled: false, pageLoadStrategy: normal, platformName: linux, proxy: Proxy(), se:cdp: ws://localhost:40327/devtoo..., se:cdpVersion: 148.0.7778.178, setWindowRect: true, strictFileInteractability: false, timeouts: {implicit: 0, pageLoad: 300000, script: 30000}, unhandledPromptBehavior: dismiss and notify, webauthn:extension:credBlob: true, webauthn:extension:largeBlob: true, webauthn:extension:minPinLength: true, webauthn:extension:prf: true, webauthn:virtualAuthenticators: true}
Session ID: 012b9917ba6b39dc30c93ddfabf1b189</error><system-err>no such element: Unable to locate element: {"method":"xpath","selector":"(//div[contains(@class,'card-panel')])[2]//input[@type='time'][2]"}
  (Session info: chrome=148.0.7778.178)
For documentation on this error, please visit: https://www.selenium.dev/documentation/webdriver/troubleshooting/errors#no-such-element-exception
Build info: version: '4.16.1', revision: '9b4c83354e'
System info: os.name: 'Linux', os.arch: 'amd64', os.version: '6.17.0-29-generic', java.version: '17.0.19'
Driver info: org.openqa.selenium.chrome.ChromeDriver
Command: [012b9917ba6b39dc30c93ddfabf1b189, findElement {using=xpath, value=(//div[contains(@class,'card-panel')])[2]//input[@type='time'][2]}]
Capabilities {acceptInsecureCerts: true, browserName: chrome, browserVersion: 148.0.7778.178, chrome: {chromedriverVersion: 148.0.7778.178 (d096af1c9e9..., userDataDir: /tmp/org.chromium.Chromium....}, fedcm:accounts: true, goog:chromeOptions: {debuggerAddress: localhost:40327}, goog:processID: 651966, networkConnectionEnabled: false, pageLoadStrategy: normal, platformName: linux, proxy: Proxy(), se:cdp: ws://localhost:40327/devtoo..., se:cdpVersion: 148.0.7778.178, setWindowRect: true, strictFileInteractability: false, timeouts: {implicit: 0, pageLoad: 300000, script: 30000}, unhandledPromptBehavior: dismiss and notify, webauthn:extension:credBlob: true, webauthn:extension:largeBlob: true, webauthn:extension:minPinLength: true, webauthn:extension:prf: true, webauthn:virtualAuthenticators: true}
Session ID: 012b9917ba6b39dc30c93ddfabf1b189
co.edu.udea.certificacion.reservasservicios.moduloIngreso.interactions.CreateAvailabilityEnter.performAs(CreateAvailabilityEnter.java:31)
co.edu.udea.certificacion.reservasservicios.moduloIngreso.tasks.CreateAvailabilityEnterThe.performAs(CreateAvailabilityEnterThe.java:14)
co.edu.udea.certificacion.reservasservicios.moduloIngreso.stepdefinitions.ServiceRegistrationStepDefinition.iCreateAnAvailabilitySlotForTheRegisteredService(ServiceRegistrationStepDefinition.java:61)
worker.org.gradle.process.internal.worker.GradleWorkerMain.run(GradleWorkerMain.java:69)
worker.org.gradle.process.internal.worker.GradleWorkerMain.main(GradleWorkerMain.java:74)
</system-err></testcase></testsuite>